<?xml version="1.0" encoding="UTF-8"?>
<!-- Generated by org.testng.reporters.JUnitXMLReporter -->
<testsuite hostname="Sahils-MacBook.local" name="Surefire test" tests="4" failures="0" timestamp="3 Mar 2020 01:41:30 GMT" time="77.648" errors="0">
  <testcase name="ebay_navigation_valid" time="11.007" classname="Ebay_TestCases.ebay_NavigationTest"/>
  <testcase name="Search_Ebay" time="44.879" classname="Ebay_TestCases.ebay_NavigationTest"/>
  <testcase name="first5productswithprices" time="0.133" classname="Ebay_TestCases.ebay_NavigationTest"/>
  <testcase name="Order_print_products_byprice_descendant" time="9.166" classname="Ebay_TestCases.ebay_NavigationTest"/>
</testsuite> <!-- Surefire test -->
