<?xml version="1.0" encoding="UTF-8"?>
<!-- Generated by org.testng.reporters.JUnitXMLReporter -->
<testsuite hostname="Sahils-MacBook.local" name="Default test" tests="4" failures="0" timestamp="3 Mar 2020 01:36:29 GMT" time="82.076" errors="0">
  <testcase name="ebay_navigation_valid" time="10.033" classname="Ebay_TestCases.ebay_NavigationTest"/>
  <testcase name="Search_Ebay" time="45.376" classname="Ebay_TestCases.ebay_NavigationTest"/>
  <testcase name="first5productswithprices" time="0.193" classname="Ebay_TestCases.ebay_NavigationTest"/>
  <testcase name="Order_print_products_byprice_descendant" time="9.495" classname="Ebay_TestCases.ebay_NavigationTest"/>
</testsuite> <!-- Default test -->
