<?xml version="1.0" encoding="UTF-8"?>
<!-- Generated by org.testng.reporters.JUnitXMLReporter -->
<testsuite hostname="Sahils-MacBook.local" failures="1" tests="2" name="Test" time="43.376" errors="0" timestamp="29 Feb 2020 06:21:32 GMT">
  <testcase classname="Ebay_TestCases.ebay_Search_test" name="@AfterMethod teardownmethod" time="0.0">
    <failure type="java.lang.NullPointerException">
      <![CDATA[java.lang.NullPointerException
	at Ebay_Utilities.Helper.CaptureScreenshot(Helper.java:19)
	at Ebay_Utilities.BaseClass.teardownmethod(BaseClass.java:85)
... Removed 26 stack frames]]>
    </failure>
  </testcase> <!-- @AfterMethod teardownmethod -->
  <testcase classname="Ebay_TestCases.ebay_Navigation_test" name="@AfterTest quitbrowser" time="0.0">
    <skipped/>
  </testcase> <!-- @AfterTest quitbrowser -->
  <testcase classname="Ebay_TestCases.ebay_Navigation_test" name="ebay_navigation_valid" time="3.032"/>
  <testcase classname="Ebay_TestCases.ebay_Search_test" name="Search_Ebay" time="0.002">
    <failure type="java.lang.NullPointerException">
      <![CDATA[java.lang.NullPointerException
	at Ebay_TestCases.ebay_Search_test.Search_Ebay(ebay_Search_test.java:28)
... Removed 24 stack frames]]>
    </failure>
  </testcase> <!-- Search_Ebay -->
</testsuite> <!-- Test -->
