<?xml version="1.0" encoding="UTF-8"?>
<!-- Generated by org.testng.reporters.JUnitXMLReporter -->
<testsuite hostname="Sahils-MacBook.local" failures="0" tests="1" name="Test1" time="0.031" errors="0" timestamp="28 Feb 2020 02:44:48 GMT">
  <testcase classname="Ebay_TestCases.ebay_Navigation_test" name="@BeforeTest setuptest" time="0.0">
    <failure type="java.lang.NullPointerException">
      <![CDATA[java.lang.NullPointerException
	at Ebay_Utilities.BaseClass.setuptest(BaseClass.java:44)
... Removed 22 stack frames]]>
    </failure>
  </testcase> <!-- @BeforeTest setuptest -->
  <testcase classname="Ebay_TestCases.ebay_Navigation_test" name="@AfterMethod teardownmethod" time="0.0">
    <skipped/>
  </testcase> <!-- @AfterMethod teardownmethod -->
  <testcase classname="Ebay_TestCases.ebay_Navigation_test" name="@AfterTest quitbrowser" time="0.0">
    <skipped/>
  </testcase> <!-- @AfterTest quitbrowser -->
  <testcase classname="Ebay_TestCases.ebay_Navigation_test" name="ebay_navigation_valid" time="0.002">
    <skipped/>
  </testcase> <!-- ebay_navigation_valid -->
</testsuite> <!-- Test1 -->
