<?xml version="1.0" encoding="UTF-8"?>
<testsuite xmlns:xsi="http://www.w3.org/2001/XMLSchema-instance" xsi:noNamespaceSchemaLocation="https://maven.apache.org/surefire/maven-surefire-plugin/xsd/surefire-test-report-3.0.xsd" version="3.0" name="TestSuite" time="81.456" tests="4" errors="0" skipped="0" failures="1">
  <properties>
[...]
</properties>
  <testcase name="ebay_navigation_valid" classname="Ebay_TestCases.ebay_NavigationTest" time="10.02"/>
  <testcase name="Search_Ebay" classname="Ebay_TestCases.ebay_NavigationTest" time="45.835">
    <failure type="java.lang.AssertionError"><![CDATA[java.lang.AssertionError
	at Ebay_TestCases.ebay_NavigationTest.Search_Ebay(ebay_NavigationTest.java:115)
]]></failure>
    <system-out><![CDATA[******Search_Ebay - Test case started ******
Total search results for size 10 PUMA shoes is 5,525
Total Search reasults in the current page are 48
******Search_Ebay - Test case failed ******
]]></system-out>
    <system-err><![CDATA[[1583191733.682][SEVERE]: Timed out receiving message from renderer: 0.100
[1583191733.788][SEVERE]: Timed out receiving message from renderer: 0.100
[1583191733.892][SEVERE]: Timed out receiving message from renderer: 0.100
[1583191733.997][SEVERE]: Timed out receiving message from renderer: 0.100
[1583191734.101][SEVERE]: Timed out receiving message from renderer: 0.100
[1583191734.230][SEVERE]: Timed out receiving message from renderer: 0.100
[1583191734.335][SEVERE]: Timed out receiving message from renderer: 0.100
[1583191734.439][SEVERE]: Timed out receiving message from renderer: 0.100
[1583191734.543][SEVERE]: Timed out receiving message from renderer: 0.100
[1583191734.648][SEVERE]: Timed out receiving message from renderer: 0.100
[1583191734.753][SEVERE]: Timed out receiving message from renderer: 0.100
[1583191734.857][SEVERE]: Timed out receiving message from renderer: 0.100
[1583191734.961][SEVERE]: Timed out receiving message from renderer: 0.100
[1583191735.064][SEVERE]: Timed out receiving message from renderer: 0.100
[1583191735.171][SEVERE]: Timed out receiving message from renderer: 0.100
[1583191735.274][SEVERE]: Timed out receiving message from renderer: 0.100
[1583191735.378][SEVERE]: Timed out receiving message from renderer: 0.100
[1583191735.482][SEVERE]: Timed out receiving message from renderer: 0.100
[1583191735.585][SEVERE]: Timed out receiving message from renderer: 0.100
[1583191735.691][SEVERE]: Timed out receiving message from renderer: 0.100
[1583191735.794][SEVERE]: Timed out receiving message from renderer: 0.100
[1583191735.897][SEVERE]: Timed out receiving message from renderer: 0.100
[1583191736.003][SEVERE]: Timed out receiving message from renderer: 0.100
[1583191736.106][SEVERE]: Timed out receiving message from renderer: 0.100
[1583191736.211][SEVERE]: Timed out receiving message from renderer: 0.100
[1583191736.637][SEVERE]: Timed out receiving message from renderer: 0.100
[1583191737.125][SEVERE]: Timed out receiving message from renderer: 0.100
[1583191737.368][SEVERE]: Timed out receiving message from renderer: 0.100
[1583191737.476][SEVERE]: Timed out receiving message from renderer: 0.100
[1583191754.871][SEVERE]: Timed out receiving message from renderer: 0.100
[1583191754.975][SEVERE]: Timed out receiving message from renderer: 0.100
[1583191755.719][SEVERE]: Timed out receiving message from renderer: 0.100
[1583191762.383][SEVERE]: Timed out receiving message from renderer: 0.100
[1583191762.487][SEVERE]: Timed out receiving message from renderer: 0.100
[1583191762.589][SEVERE]: Timed out receiving message from renderer: 0.100
[1583191762.692][SEVERE]: Timed out receiving message from renderer: 0.100
[1583191770.069][SEVERE]: Timed out receiving message from renderer: 0.100
[1583191770.174][SEVERE]: Timed out receiving message from renderer: 0.100
[1583191770.278][SEVERE]: Timed out receiving message from renderer: 0.100
[1583191770.559][SEVERE]: Timed out receiving message from renderer: 0.100
]]></system-err>
  </testcase>
  <testcase name="first5productswithprices" classname="Ebay_TestCases.ebay_NavigationTest" time="0.163"/>
  <testcase name="Order_print_products_byprice_descendant" classname="Ebay_TestCases.ebay_NavigationTest" time="9.488"/>
</testsuite>