<?xml version="1.0" encoding="UTF-8"?>
<testng-results skipped="0" failed="0" total="4" passed="4">
  <reporter-output>
  </reporter-output>
  <suite name="Surefire suite" duration-ms="77648" started-at="2020-03-03T01:40:12Z" finished-at="2020-03-03T01:41:30Z">
    <groups>
    </groups>
    <test name="Surefire test" duration-ms="77648" started-at="2020-03-03T01:40:12Z" finished-at="2020-03-03T01:41:30Z">
      <class name="Ebay_TestCases.ebay_NavigationTest">
        <test-method status="PASS" signature="SetupSuite()[pri:0, instance:Ebay_TestCases.ebay_NavigationTest@59e84876]" name="SetupSuite" is-config="true" duration-ms="230" started-at="2020-03-02T20:40:12Z" finished-at="2020-03-02T20:40:12Z">
          <reporter-output>
          </reporter-output>
        </test-method> <!-- SetupSuite -->
        <test-method status="PASS" signature="setuptest()[pri:0, instance:Ebay_TestCases.ebay_NavigationTest@59e84876]" name="setuptest" is-config="true" duration-ms="7929" started-at="2020-03-02T20:40:12Z" finished-at="2020-03-02T20:40:20Z">
          <reporter-output>
          </reporter-output>
        </test-method> <!-- setuptest -->
        <test-method status="PASS" signature="ebay_navigation_valid()[pri:0, instance:Ebay_TestCases.ebay_NavigationTest@59e84876]" name="ebay_navigation_valid" duration-ms="11007" started-at="2020-03-02T20:40:20Z" finished-at="2020-03-02T20:40:31Z">
          <reporter-output>
          </reporter-output>
        </test-method> <!-- ebay_navigation_valid -->
        <test-method status="PASS" signature="teardownmethod(org.testng.ITestResult)[pri:0, instance:Ebay_TestCases.ebay_NavigationTest@59e84876]" name="teardownmethod" is-config="true" duration-ms="1156" started-at="2020-03-02T20:40:31Z" finished-at="2020-03-02T20:40:32Z">
          <params>
            <param index="0">
              <value>
                <![CDATA[[TestResult name=ebay_navigation_valid status=SUCCESS method=ebay_NavigationTest.ebay_navigation_valid()[pri:0, instance:Ebay_TestCases.ebay_NavigationTest@59e84876] output={null}]]]>
              </value>
            </param>
          </params>
          <reporter-output>
          </reporter-output>
        </test-method> <!-- teardownmethod -->
        <test-method status="PASS" signature="Search_Ebay()[pri:0, instance:Ebay_TestCases.ebay_NavigationTest@59e84876]" name="Search_Ebay" duration-ms="44879" started-at="2020-03-02T20:40:32Z" finished-at="2020-03-02T20:41:17Z">
          <reporter-output>
          </reporter-output>
        </test-method> <!-- Search_Ebay -->
        <test-method status="PASS" signature="teardownmethod(org.testng.ITestResult)[pri:0, instance:Ebay_TestCases.ebay_NavigationTest@59e84876]" name="teardownmethod" is-config="true" duration-ms="932" started-at="2020-03-02T20:41:17Z" finished-at="2020-03-02T20:41:18Z">
          <params>
            <param index="0">
              <value>
                <![CDATA[[TestResult name=Search_Ebay status=SUCCESS method=ebay_NavigationTest.Search_Ebay()[pri:0, instance:Ebay_TestCases.ebay_NavigationTest@59e84876] output={null}]]]>
              </value>
            </param>
          </params>
          <reporter-output>
          </reporter-output>
        </test-method> <!-- teardownmethod -->
        <test-method status="PASS" signature="first5productswithprices()[pri:0, instance:Ebay_TestCases.ebay_NavigationTest@59e84876]" name="first5productswithprices" duration-ms="133" started-at="2020-03-02T20:41:18Z" finished-at="2020-03-02T20:41:18Z">
          <reporter-output>
          </reporter-output>
        </test-method> <!-- first5productswithprices -->
        <test-method status="PASS" signature="teardownmethod(org.testng.ITestResult)[pri:0, instance:Ebay_TestCases.ebay_NavigationTest@59e84876]" name="teardownmethod" is-config="true" duration-ms="938" started-at="2020-03-02T20:41:18Z" finished-at="2020-03-02T20:41:19Z">
          <params>
            <param index="0">
              <value>
                <![CDATA[[TestResult name=first5productswithprices status=SUCCESS method=ebay_NavigationTest.first5productswithprices()[pri:0, instance:Ebay_TestCases.ebay_NavigationTest@59e84876] output={null}]]]>
              </value>
            </param>
          </params>
          <reporter-output>
          </reporter-output>
        </test-method> <!-- teardownmethod -->
        <test-method status="PASS" signature="Order_print_products_byprice_descendant()[pri:0, instance:Ebay_TestCases.ebay_NavigationTest@59e84876]" name="Order_print_products_byprice_descendant" duration-ms="9166" started-at="2020-03-02T20:41:19Z" finished-at="2020-03-02T20:41:29Z">
          <reporter-output>
          </reporter-output>
        </test-method> <!-- Order_print_products_byprice_descendant -->
        <test-method status="PASS" signature="teardownmethod(org.testng.ITestResult)[pri:0, instance:Ebay_TestCases.ebay_NavigationTest@59e84876]" name="teardownmethod" is-config="true" duration-ms="1027" started-at="2020-03-02T20:41:29Z" finished-at="2020-03-02T20:41:30Z">
          <params>
            <param index="0">
              <value>
                <![CDATA[[TestResult name=Order_print_products_byprice_descendant status=SUCCESS method=ebay_NavigationTest.Order_print_products_byprice_descendant()[pri:0, instance:Ebay_TestCases.ebay_NavigationTest@59e84876] output={null}]]]>
              </value>
            </param>
          </params>
          <reporter-output>
          </reporter-output>
        </test-method> <!-- teardownmethod -->
        <test-method status="PASS" signature="quitbrowser()[pri:0, instance:Ebay_TestCases.ebay_NavigationTest@59e84876]" name="quitbrowser" is-config="true" duration-ms="458" started-at="2020-03-02T20:41:30Z" finished-at="2020-03-02T20:41:30Z">
          <reporter-output>
          </reporter-output>
        </test-method> <!-- quitbrowser -->
      </class> <!-- Ebay_TestCases.ebay_NavigationTest -->
    </test> <!-- Surefire test -->
  </suite> <!-- Surefire suite -->
</testng-results>
