<?xml version="1.0" encoding="UTF-8"?>
<testng-results total="1" passed="1" failed="0" skipped="0">
  <reporter-output>
  </reporter-output>
  <suite started-at="2020-02-29T06:23:57Z" name="Default suite" finished-at="2020-02-29T06:24:38Z" duration-ms="40998">
    <groups>
    </groups>
    <test started-at="2020-02-29T06:23:57Z" name="Default test" finished-at="2020-02-29T06:24:38Z" duration-ms="40998">
      <class name="Ebay_TestCases.ebay_Search_test">
        <test-method is-config="true" signature="SetupSuite()[pri:0, instance:Ebay_TestCases.ebay_Search_test@53830483]" started-at="2020-02-29T01:23:56Z" name="SetupSuite" finished-at="2020-02-29T01:23:57Z" duration-ms="407" status="PASS">
          <reporter-output>
          </reporter-output>
        </test-method> <!-- SetupSuite -->
        <test-method is-config="true" signature="setuptest()[pri:0, instance:Ebay_TestCases.ebay_Search_test@53830483]" started-at="2020-02-29T01:23:57Z" name="setuptest" finished-at="2020-02-29T01:24:06Z" duration-ms="9868" status="PASS">
          <reporter-output>
          </reporter-output>
        </test-method> <!-- setuptest -->
        <test-method signature="Search_Ebay()[pri:0, instance:Ebay_TestCases.ebay_Search_test@53830483]" started-at="2020-02-29T01:24:06Z" name="Search_Ebay" finished-at="2020-02-29T01:24:34Z" duration-ms="27977" status="PASS">
          <reporter-output>
          </reporter-output>
        </test-method> <!-- Search_Ebay -->
        <test-method is-config="true" signature="teardownmethod(org.testng.ITestResult)[pri:0, instance:Ebay_TestCases.ebay_Search_test@53830483]" started-at="2020-02-29T01:24:34Z" name="teardownmethod" finished-at="2020-02-29T01:24:37Z" duration-ms="2713" status="PASS">
          <params>
            <param index="0">
              <value>
                <![CDATA[[TestResult name=Search_Ebay status=SUCCESS method=ebay_Search_test.Search_Ebay()[pri:0, instance:Ebay_TestCases.ebay_Search_test@53830483] output={null}]]]>
              </value>
            </param>
          </params>
          <reporter-output>
          </reporter-output>
        </test-method> <!-- teardownmethod -->
        <test-method is-config="true" signature="quitbrowser()[pri:0, instance:Ebay_TestCases.ebay_Search_test@53830483]" started-at="2020-02-29T01:24:37Z" name="quitbrowser" finished-at="2020-02-29T01:24:38Z" duration-ms="415" status="PASS">
          <reporter-output>
          </reporter-output>
        </test-method> <!-- quitbrowser -->
      </class> <!-- Ebay_TestCases.ebay_Search_test -->
    </test> <!-- Default test -->
  </suite> <!-- Default suite -->
</testng-results>
