<?xml version="1.0" encoding="UTF-8"?>
<testng-results total="1" passed="1" failed="0" skipped="0">
  <reporter-output>
  </reporter-output>
  <suite started-at="2020-03-01T02:50:51Z" name="Default suite" finished-at="2020-03-01T02:51:42Z" duration-ms="50638">
    <groups>
    </groups>
    <test started-at="2020-03-01T02:50:51Z" name="Default test" finished-at="2020-03-01T02:51:42Z" duration-ms="50638">
      <class name="Ebay_TestCases.ebay_Search_test">
        <test-method is-config="true" signature="SetupSuite()[pri:0, instance:Ebay_TestCases.ebay_Search_test@5d47c63f]" started-at="2020-02-29T21:50:51Z" name="SetupSuite" finished-at="2020-02-29T21:50:51Z" duration-ms="267" status="PASS">
          <reporter-output>
          </reporter-output>
        </test-method> <!-- SetupSuite -->
        <test-method is-config="true" signature="setuptest()[pri:0, instance:Ebay_TestCases.ebay_Search_test@5d47c63f]" started-at="2020-02-29T21:50:51Z" name="setuptest" finished-at="2020-02-29T21:51:05Z" duration-ms="13622" status="PASS">
          <reporter-output>
          </reporter-output>
        </test-method> <!-- setuptest -->
        <test-method signature="Search_Ebay()[pri:0, instance:Ebay_TestCases.ebay_Search_test@5d47c63f]" started-at="2020-02-29T21:51:05Z" name="Search_Ebay" finished-at="2020-02-29T21:51:41Z" duration-ms="35588" status="PASS">
          <reporter-output>
          </reporter-output>
        </test-method> <!-- Search_Ebay -->
        <test-method is-config="true" signature="teardownmethod(org.testng.ITestResult)[pri:0, instance:Ebay_TestCases.ebay_Search_test@5d47c63f]" started-at="2020-02-29T21:51:41Z" name="teardownmethod" finished-at="2020-02-29T21:51:42Z" duration-ms="1243" status="PASS">
          <params>
            <param index="0">
              <value>
                <![CDATA[[TestResult name=Search_Ebay status=SUCCESS method=ebay_Search_test.Search_Ebay()[pri:0, instance:Ebay_TestCases.ebay_Search_test@5d47c63f] output={null}]]]>
              </value>
            </param>
          </params>
          <reporter-output>
          </reporter-output>
        </test-method> <!-- teardownmethod -->
        <test-method is-config="true" signature="quitbrowser()[pri:0, instance:Ebay_TestCases.ebay_Search_test@5d47c63f]" started-at="2020-02-29T21:51:42Z" name="quitbrowser" finished-at="2020-02-29T21:51:42Z" duration-ms="170" status="PASS">
          <reporter-output>
          </reporter-output>
        </test-method> <!-- quitbrowser -->
      </class> <!-- Ebay_TestCases.ebay_Search_test -->
    </test> <!-- Default test -->
  </suite> <!-- Default suite -->
</testng-results>
